2025-02-14 12:02:24 INFO  Utils:112 - [TestNG] Running:
  C:\Users\kumba\OneDrive\Documents\pavankumar\testng.xml

2025-02-14 12:02:44 INFO  TC002AddProductCatalog:15 - starting addproduct testcase
2025-02-14 12:02:45 INFO  TC002AddProductCatalog:18 - logged into application
2025-02-14 12:02:45 INFO  TC002AddProductCatalog:22 - selected product
2025-02-14 12:02:49 INFO  TC002AddProductCatalog:24 - added tocart
2025-02-14 12:02:56 INFO  TC001_LoginTest:15 - Starting login testcase
2025-02-14 12:02:56 INFO  TC001_LoginTest:18 - Entered username and password
2025-02-14 12:22:23 INFO  Utils:112 - [TestNG] Running:
  C:\Users\kumba\OneDrive\Documents\pavankumar\testng.xml

2025-02-14 12:22:36 INFO  TC002AddProductCatalog:15 - starting addproduct testcase
2025-02-14 12:22:36 INFO  TC002AddProductCatalog:18 - logged into application
2025-02-14 12:22:36 INFO  TC002AddProductCatalog:22 - selected product
2025-02-14 12:22:40 INFO  TC002AddProductCatalog:24 - added tocart
2025-02-14 12:22:48 INFO  TC001_LoginTest:15 - Starting login testcase
2025-02-14 12:22:48 INFO  TC001_LoginTest:18 - Entered username and password
2025-02-14 12:29:29 INFO  Utils:112 - [TestNG] Running:
  C:\Users\kumba\OneDrive\Documents\pavankumar\crossbrowser.xml

2025-02-14 12:29:37 INFO  TC002AddProductCatalog:15 - starting addproduct testcase
2025-02-14 12:29:37 INFO  TC002AddProductCatalog:18 - logged into application
2025-02-14 12:29:37 INFO  TC002AddProductCatalog:22 - selected product
2025-02-14 12:29:41 INFO  TC002AddProductCatalog:24 - added tocart
2025-02-14 12:29:49 INFO  TC001_LoginTest:15 - Starting login testcase
2025-02-14 12:29:50 INFO  TC001_LoginTest:18 - Entered username and password
2025-02-14 12:30:53 INFO  TC002AddProductCatalog:15 - starting addproduct testcase
2025-02-14 12:30:58 INFO  TC002AddProductCatalog:18 - logged into application
2025-02-14 12:30:58 INFO  TC002AddProductCatalog:22 - selected product
2025-02-14 12:31:02 INFO  TC002AddProductCatalog:24 - added tocart
2025-02-14 12:31:19 INFO  TC001_LoginTest:15 - Starting login testcase
2025-02-14 12:31:19 INFO  TC001_LoginTest:18 - Entered username and password
2025-02-14 12:31:39 INFO  TC002AddProductCatalog:15 - starting addproduct testcase
2025-02-14 12:31:40 INFO  TC002AddProductCatalog:18 - logged into application
2025-02-14 12:31:40 INFO  TC002AddProductCatalog:22 - selected product
2025-02-14 12:31:44 INFO  TC002AddProductCatalog:24 - added tocart
2025-02-14 12:31:54 INFO  TC001_LoginTest:15 - Starting login testcase
2025-02-14 12:31:54 INFO  TC001_LoginTest:18 - Entered username and password
2025-02-14 15:09:15 INFO  Utils:112 - [TestNG] Running:
  C:\Users\kumba\OneDrive\Documents\pavankumar\testng.xml

2025-02-14 15:09:26 INFO  TC002AddProductCatalog:15 - starting addproduct testcase
2025-02-14 15:09:26 INFO  TC002AddProductCatalog:18 - logged into application
2025-02-14 15:09:26 INFO  TC002AddProductCatalog:22 - selected product
2025-02-14 15:09:50 INFO  TC001_LoginTest:15 - Starting login testcase
2025-02-14 15:09:50 INFO  TC001_LoginTest:18 - Entered username and password
2025-02-14 15:13:48 INFO  Utils:112 - [TestNG] Running:
  C:\Users\kumba\OneDrive\Documents\pavankumar\testng.xml

2025-02-14 15:13:55 INFO  TC002AddProductCatalog:15 - starting addproduct testcase
2025-02-14 15:13:56 INFO  TC002AddProductCatalog:18 - logged into application
2025-02-14 15:13:56 INFO  TC002AddProductCatalog:22 - selected product
2025-02-14 15:14:11 INFO  TC001_LoginTest:15 - Starting login testcase
2025-02-14 15:14:12 INFO  TC001_LoginTest:18 - Entered username and password
2025-02-14 15:14:42 INFO  Utils:112 - [TestNG] Running:
  C:\Users\kumba\OneDrive\Documents\pavankumar\testng.xml

2025-02-14 15:14:50 INFO  TC002AddProductCatalog:15 - starting addproduct testcase
2025-02-14 15:14:51 INFO  TC002AddProductCatalog:18 - logged into application
2025-02-14 15:14:51 INFO  TC002AddProductCatalog:22 - selected product
2025-02-14 15:14:55 INFO  TC002AddProductCatalog:24 - added tocart
2025-02-14 15:15:01 INFO  TC001_LoginTest:15 - Starting login testcase
2025-02-14 15:15:02 INFO  TC001_LoginTest:18 - Entered username and password
2025-02-14 17:04:09 INFO  TC002AddProductCatalog:15 - starting addproduct testcase
2025-02-14 17:04:10 INFO  TC002AddProductCatalog:18 - logged into application
2025-02-14 17:04:10 INFO  TC002AddProductCatalog:22 - selected product
2025-02-14 17:04:15 INFO  TC002AddProductCatalog:24 - added tocart
2025-02-14 17:04:25 INFO  TC001_LoginTest:15 - Starting login testcase
2025-02-14 17:04:26 INFO  TC001_LoginTest:18 - Entered username and password
2025-02-14 20:06:10 INFO  TC002AddProductCatalog:15 - starting addproduct testcase
2025-02-14 20:06:12 INFO  TC002AddProductCatalog:18 - logged into application
2025-02-14 20:06:12 INFO  TC002AddProductCatalog:22 - selected product
2025-02-14 20:06:16 INFO  TC002AddProductCatalog:24 - added tocart
2025-02-14 20:06:23 INFO  TC001_LoginTest:15 - Starting login testcase
2025-02-14 20:06:24 INFO  TC001_LoginTest:18 - Entered username and password
